{"/home/skouma/team16/t16/client/src/entry.js": {"path":"/home/skouma/team16/t16/client/src/entry.js","statementMap":{"0":{"start":{"line":6,"column":0},"end":{"line":6,"column":58}}},"fnMap":{},"branchMap":{},"s":{"0":0},"f":{},"b":{}}
,"/home/skouma/team16/t16/client/src/components/App.js": {"path":"/home/skouma/team16/t16/client/src/components/App.js","statementMap":{"0":{"start":{"line":6,"column":4},"end":{"line":10,"column":6}},"1":{"start":{"line":13,"column":26},"end":{"line":21,"column":1}},"2":{"start":{"line":14,"column":32},"end":{"line":14,"column":45}},"3":{"start":{"line":17,"column":8},"end":{"line":17,"column":54}},"4":{"start":{"line":20,"column":4},"end":{"line":20,"column":46}}},"fnMap":{"0":{"name":"App","decl":{"start":{"line":5,"column":24},"end":{"line":5,"column":27}},"loc":{"start":{"line":5,"column":30},"end":{"line":11,"column":1}},"line":5},"1":{"name":"(anonymous_1)","decl":{"start":{"line":13,"column":26},"end":{"line":13,"column":27}},"loc":{"start":{"line":13,"column":32},"end":{"line":21,"column":1}},"line":13},"2":{"name":"showMessage","decl":{"start":{"line":16,"column":13},"end":{"line":16,"column":24}},"loc":{"start":{"line":16,"column":52},"end":{"line":18,"column":5}},"line":16}},"branchMap":{"0":{"loc":{"start":{"line":16,"column":34},"end":{"line":16,"column":50}},"type":"default-arg","locations":[{"start":{"line":16,"column":44},"end":{"line":16,"column":50}}],"line":16}},"s":{"0":1,"1":1,"2":1,"3":1,"4":1},"f":{"0":1,"1":1,"2":1},"b":{"0":[0]},"_coverageSchema":"1a1c01bbd47fc00a2c39e90264f33305004495a9","hash":"81cd49ce6d7e31aec4fb0c5eb553ac6ff5c2dbcb"}
,"/home/skouma/team16/t16/client/src/components/Page.js": {"path":"/home/skouma/team16/t16/client/src/components/Page.js","statementMap":{"0":{"start":{"line":12,"column":34},"end":{"line":12,"column":50}},"1":{"start":{"line":13,"column":54},"end":{"line":13,"column":90}},"2":{"start":{"line":15,"column":1},"end":{"line":31,"column":2}},"3":{"start":{"line":35,"column":35},"end":{"line":35,"column":67}},"4":{"start":{"line":36,"column":41},"end":{"line":36,"column":55}},"5":{"start":{"line":38,"column":1},"end":{"line":40,"column":8}},"6":{"start":{"line":39,"column":2},"end":{"line":39,"column":22}},"7":{"start":{"line":43,"column":2},"end":{"line":43,"column":40}},"8":{"start":{"line":44,"column":2},"end":{"line":44,"column":26}},"9":{"start":{"line":45,"column":2},"end":{"line":45,"column":20}},"10":{"start":{"line":49,"column":25},"end":{"line":49,"column":83}},"11":{"start":{"line":50,"column":2},"end":{"line":55,"column":3}},"12":{"start":{"line":51,"column":3},"end":{"line":51,"column":57}},"13":{"start":{"line":53,"column":3},"end":{"line":53,"column":25}},"14":{"start":{"line":54,"column":3},"end":{"line":54,"column":98}},"15":{"start":{"line":58,"column":1},"end":{"line":58,"column":91}}},"fnMap":{"0":{"name":"Page","decl":{"start":{"line":11,"column":24},"end":{"line":11,"column":28}},"loc":{"start":{"line":11,"column":36},"end":{"line":32,"column":1}},"line":11},"1":{"name":"useServerSettings","decl":{"start":{"line":34,"column":9},"end":{"line":34,"column":26}},"loc":{"start":{"line":34,"column":40},"end":{"line":59,"column":1}},"line":34},"2":{"name":"(anonymous_2)","decl":{"start":{"line":38,"column":11},"end":{"line":38,"column":12}},"loc":{"start":{"line":38,"column":17},"end":{"line":40,"column":2}},"line":38},"3":{"name":"processServerConfigSuccess","decl":{"start":{"line":42,"column":10},"end":{"line":42,"column":36}},"loc":{"start":{"line":42,"column":50},"end":{"line":46,"column":2}},"line":42},"4":{"name":"sendConfigRequest","decl":{"start":{"line":48,"column":16},"end":{"line":48,"column":33}},"loc":{"start":{"line":48,"column":36},"end":{"line":56,"column":2}},"line":48}},"branchMap":{"0":{"loc":{"start":{"line":50,"column":2},"end":{"line":55,"column":3}},"type":"if","locations":[{"start":{"line":50,"column":2},"end":{"line":55,"column":3}},{"start":{"line":50,"column":2},"end":{"line":55,"column":3}}],"line":50}},"s":{"0":8,"1":8,"2":8,"3":8,"4":8,"5":8,"6":3,"7":2,"8":2,"9":2,"10":3,"11":3,"12":2,"13":1,"14":1,"15":8},"f":{"0":8,"1":8,"2":3,"3":2,"4":3},"b":{"0":[2,1]},"_coverageSchema":"1a1c01bbd47fc00a2c39e90264f33305004495a9","hash":"433526d90973c743850cfc3b57a05e43745e7936"}
,"/home/skouma/team16/t16/client/src/components/About/About.js": {"path":"/home/skouma/team16/t16/client/src/components/About/About.js","statementMap":{"0":{"start":{"line":9,"column":4},"end":{"line":30,"column":6}},"1":{"start":{"line":26,"column":20},"end":{"line":26,"column":136}}},"fnMap":{"0":{"name":"About","decl":{"start":{"line":8,"column":24},"end":{"line":8,"column":29}},"loc":{"start":{"line":8,"column":37},"end":{"line":31,"column":1}},"line":8},"1":{"name":"(anonymous_1)","decl":{"start":{"line":25,"column":32},"end":{"line":25,"column":33}},"loc":{"start":{"line":26,"column":20},"end":{"line":26,"column":136}},"line":26}},"branchMap":{},"s":{"0":8,"1":40},"f":{"0":8,"1":40},"b":{},"_coverageSchema":"1a1c01bbd47fc00a2c39e90264f33305004495a9","hash":"8194e167cb5ea8d14c833dd9cdeac484ab8d8a6e"}
,"/home/skouma/team16/t16/client/src/components/About/AboutCard.js": {"path":"/home/skouma/team16/t16/client/src/components/About/AboutCard.js","statementMap":{"0":{"start":{"line":5,"column":22},"end":{"line":7,"column":59}},"1":{"start":{"line":9,"column":4},"end":{"line":20,"column":6}}},"fnMap":{"0":{"name":"AboutCard","decl":{"start":{"line":4,"column":24},"end":{"line":4,"column":33}},"loc":{"start":{"line":4,"column":41},"end":{"line":21,"column":1}},"line":4}},"branchMap":{"0":{"loc":{"start":{"line":5,"column":22},"end":{"line":7,"column":59}},"type":"cond-expr","locations":[{"start":{"line":6,"column":10},"end":{"line":6,"column":22}},{"start":{"line":7,"column":10},"end":{"line":7,"column":59}}],"line":5}},"s":{"0":48,"1":48},"f":{"0":48},"b":{"0":[8,40]},"_coverageSchema":"1a1c01bbd47fc00a2c39e90264f33305004495a9","hash":"183a36cb0e591675908b494b082eab7c87932a4e"}
,"/home/skouma/team16/t16/client/src/components/About/Person.js": {"path":"/home/skouma/team16/t16/client/src/components/About/Person.js","statementMap":{"0":{"start":{"line":5,"column":4},"end":{"line":7,"column":6}}},"fnMap":{"0":{"name":"Person","decl":{"start":{"line":4,"column":24},"end":{"line":4,"column":30}},"loc":{"start":{"line":4,"column":38},"end":{"line":8,"column":1}},"line":4}},"branchMap":{},"s":{"0":40},"f":{"0":40},"b":{},"_coverageSchema":"1a1c01bbd47fc00a2c39e90264f33305004495a9","hash":"dc15444ce67ce412140ed05289362bb9a04dd1ab"}
,"/home/skouma/team16/t16/client/src/components/About/Team.js": {"path":"/home/skouma/team16/t16/client/src/components/About/Team.js","statementMap":{"0":{"start":{"line":5,"column":4},"end":{"line":7,"column":6}}},"fnMap":{"0":{"name":"Team","decl":{"start":{"line":4,"column":24},"end":{"line":4,"column":28}},"loc":{"start":{"line":4,"column":36},"end":{"line":8,"column":1}},"line":4}},"branchMap":{},"s":{"0":8},"f":{"0":8},"b":{},"_coverageSchema":"1a1c01bbd47fc00a2c39e90264f33305004495a9","hash":"bb5c4a6d469731fd558ccb223d29a3399f8f4d18"}
,"/home/skouma/team16/t16/client/src/components/About/teamInfo.js": {"path":"/home/skouma/team16/t16/client/src/components/About/teamInfo.js","statementMap":{"0":{"start":{"line":5,"column":4},"end":{"line":9,"column":5}},"1":{"start":{"line":12,"column":26},"end":{"line":43,"column":1}}},"fnMap":{},"branchMap":{},"s":{"0":2,"1":2},"f":{},"b":{},"_coverageSchema":"1a1c01bbd47fc00a2c39e90264f33305004495a9","hash":"bd1cf702464e04b391fc25a78d98d831d4196231"}
,"/home/skouma/team16/t16/client/src/components/Margins/Footer.js": {"path":"/home/skouma/team16/t16/client/src/components/Margins/Footer.js","statementMap":{"0":{"start":{"line":6,"column":28},"end":{"line":6,"column":42}},"1":{"start":{"line":7,"column":29},"end":{"line":7,"column":37}},"2":{"start":{"line":8,"column":28},"end":{"line":8,"column":37}},"3":{"start":{"line":11,"column":55},"end":{"line":11,"column":71}},"4":{"start":{"line":13,"column":4},"end":{"line":17,"column":6}},"5":{"start":{"line":22,"column":29},"end":{"line":22,"column":62}},"6":{"start":{"line":23,"column":8},"end":{"line":23,"column":55}},"7":{"start":{"line":25,"column":23},"end":{"line":25,"column":116}},"8":{"start":{"line":26,"column":29},"end":{"line":26,"column":98}},"9":{"start":{"line":28,"column":4},"end":{"line":45,"column":6}}},"fnMap":{"0":{"name":"Footer","decl":{"start":{"line":10,"column":24},"end":{"line":10,"column":30}},"loc":{"start":{"line":10,"column":38},"end":{"line":18,"column":1}},"line":10},"1":{"name":"ServerInformation","decl":{"start":{"line":20,"column":9},"end":{"line":20,"column":26}},"loc":{"start":{"line":20,"column":34},"end":{"line":46,"column":1}},"line":20},"2":{"name":"connectedToValidServer","decl":{"start":{"line":21,"column":13},"end":{"line":21,"column":35}},"loc":{"start":{"line":21,"column":38},"end":{"line":24,"column":5}},"line":21}},"branchMap":{"0":{"loc":{"start":{"line":23,"column":15},"end":{"line":23,"column":54}},"type":"binary-expr","locations":[{"start":{"line":23,"column":15},"end":{"line":23,"column":27}},{"start":{"line":23,"column":31},"end":{"line":23,"column":54}}],"line":23},"1":{"loc":{"start":{"line":25,"column":23},"end":{"line":25,"column":116}},"type":"cond-expr","locations":[{"start":{"line":25,"column":50},"end":{"line":25,"column":94}},{"start":{"line":25,"column":97},"end":{"line":25,"column":116}}],"line":25},"2":{"loc":{"start":{"line":26,"column":29},"end":{"line":26,"column":98}},"type":"cond-expr","locations":[{"start":{"line":26,"column":56},"end":{"line":26,"column":75}},{"start":{"line":26,"column":78},"end":{"line":26,"column":98}}],"line":26}},"s":{"0":3,"1":3,"2":3,"3":12,"4":12,"5":24,"6":24,"7":12,"8":12,"9":12},"f":{"0":12,"1":12,"2":24},"b":{"0":[24,16],"1":[8,4],"2":[8,4]},"_coverageSchema":"1a1c01bbd47fc00a2c39e90264f33305004495a9","hash":"f257cec37cb54d7de3bb4f2ba6079c26afb2e2ed"}
,"/home/skouma/team16/t16/client/src/components/Margins/Header.js": {"path":"/home/skouma/team16/t16/client/src/components/Margins/Header.js","statementMap":{"0":{"start":{"line":6,"column":19},"end":{"line":6,"column":52}},"1":{"start":{"line":9,"column":4},"end":{"line":22,"column":6}}},"fnMap":{"0":{"name":"Header","decl":{"start":{"line":8,"column":24},"end":{"line":8,"column":30}},"loc":{"start":{"line":8,"column":38},"end":{"line":23,"column":1}},"line":8}},"branchMap":{},"s":{"0":2,"1":6},"f":{"0":6},"b":{},"_coverageSchema":"1a1c01bbd47fc00a2c39e90264f33305004495a9","hash":"e7cff75089343dbb3efa079457dd6e35cabd9655"}
,"/home/skouma/team16/t16/client/src/components/Margins/ServerSettings.js": {"path":"/home/skouma/team16/t16/client/src/components/Margins/ServerSettings.js","statementMap":{"0":{"start":{"line":7,"column":10},"end":{"line":7,"column":84}},"1":{"start":{"line":9,"column":4},"end":{"line":27,"column":6}},"2":{"start":{"line":31,"column":4},"end":{"line":36,"column":5}},"3":{"start":{"line":32,"column":8},"end":{"line":32,"column":33}},"4":{"start":{"line":34,"column":9},"end":{"line":36,"column":5}},"5":{"start":{"line":35,"column":8},"end":{"line":35,"column":54}},"6":{"start":{"line":37,"column":4},"end":{"line":37,"column":14}},"7":{"start":{"line":41,"column":4},"end":{"line":45,"column":6}},"8":{"start":{"line":50,"column":8},"end":{"line":56,"column":10}},"9":{"start":{"line":53,"column":31},"end":{"line":53,"column":67}},"10":{"start":{"line":58,"column":4},"end":{"line":65,"column":6}},"11":{"start":{"line":69,"column":4},"end":{"line":78,"column":6}},"12":{"start":{"line":82,"column":4},"end":{"line":94,"column":6}},"13":{"start":{"line":86,"column":16},"end":{"line":86,"column":82}},"14":{"start":{"line":87,"column":16},"end":{"line":87,"column":52}}},"fnMap":{"0":{"name":"ServerSettings","decl":{"start":{"line":5,"column":24},"end":{"line":5,"column":38}},"loc":{"start":{"line":5,"column":46},"end":{"line":28,"column":1}},"line":5},"1":{"name":"getCurrentServerName","decl":{"start":{"line":30,"column":9},"end":{"line":30,"column":29}},"loc":{"start":{"line":30,"column":54},"end":{"line":38,"column":1}},"line":30},"2":{"name":"Header","decl":{"start":{"line":40,"column":9},"end":{"line":40,"column":15}},"loc":{"start":{"line":40,"column":23},"end":{"line":46,"column":1}},"line":40},"3":{"name":"Body","decl":{"start":{"line":48,"column":9},"end":{"line":48,"column":13}},"loc":{"start":{"line":48,"column":21},"end":{"line":66,"column":1}},"line":48},"4":{"name":"(anonymous_4)","decl":{"start":{"line":53,"column":22},"end":{"line":53,"column":23}},"loc":{"start":{"line":53,"column":29},"end":{"line":53,"column":69}},"line":53},"5":{"name":"SettingsRow","decl":{"start":{"line":68,"column":9},"end":{"line":68,"column":20}},"loc":{"start":{"line":68,"column":37},"end":{"line":79,"column":1}},"line":68},"6":{"name":"Footer","decl":{"start":{"line":81,"column":9},"end":{"line":81,"column":15}},"loc":{"start":{"line":81,"column":23},"end":{"line":95,"column":1}},"line":81},"7":{"name":"(anonymous_7)","decl":{"start":{"line":85,"column":45},"end":{"line":85,"column":46}},"loc":{"start":{"line":85,"column":51},"end":{"line":88,"column":13}},"line":85}},"branchMap":{"0":{"loc":{"start":{"line":31,"column":4},"end":{"line":36,"column":5}},"type":"if","locations":[{"start":{"line":31,"column":4},"end":{"line":36,"column":5}},{"start":{"line":31,"column":4},"end":{"line":36,"column":5}}],"line":31},"1":{"loc":{"start":{"line":34,"column":9},"end":{"line":36,"column":5}},"type":"if","locations":[{"start":{"line":34,"column":9},"end":{"line":36,"column":5}},{"start":{"line":34,"column":9},"end":{"line":36,"column":5}}],"line":34}},"s":{"0":110,"1":110,"2":110,"3":22,"4":88,"5":6,"6":82,"7":105,"8":105,"9":74,"10":105,"11":210,"12":105,"13":1,"14":1},"f":{"0":110,"1":110,"2":105,"3":105,"4":74,"5":210,"6":105,"7":1},"b":{"0":[22,88],"1":[6,82]},"_coverageSchema":"1a1c01bbd47fc00a2c39e90264f33305004495a9","hash":"c93f34ca850651d997d168b6ec545d26e7cb307a"}
,"/home/skouma/team16/t16/client/src/components/Trip/Planner.js": {"path":"/home/skouma/team16/t16/client/src/components/Trip/Planner.js","statementMap":{"0":{"start":{"line":8,"column":50},"end":{"line":8,"column":61}},"1":{"start":{"line":10,"column":4},"end":{"line":19,"column":6}},"2":{"start":{"line":23,"column":4},"end":{"line":29,"column":6}}},"fnMap":{"0":{"name":"Planner","decl":{"start":{"line":7,"column":24},"end":{"line":7,"column":31}},"loc":{"start":{"line":7,"column":34},"end":{"line":20,"column":1}},"line":7},"1":{"name":"Section","decl":{"start":{"line":22,"column":9},"end":{"line":22,"column":16}},"loc":{"start":{"line":22,"column":24},"end":{"line":30,"column":1}},"line":22}},"branchMap":{},"s":{"0":10,"1":10,"2":20},"f":{"0":10,"1":20},"b":{},"_coverageSchema":"1a1c01bbd47fc00a2c39e90264f33305004495a9","hash":"52a3bbfd2d45de5a6cef011576e6b985e8cc4d82"}
,"/home/skouma/team16/t16/client/src/components/Trip/Itinerary/Itinerary.js": {"path":"/home/skouma/team16/t16/client/src/components/Trip/Itinerary/Itinerary.js","statementMap":{"0":{"start":{"line":7,"column":4},"end":{"line":12,"column":6}},"1":{"start":{"line":16,"column":4},"end":{"line":26,"column":6}},"2":{"start":{"line":30,"column":4},"end":{"line":41,"column":6}},"3":{"start":{"line":33,"column":16},"end":{"line":38,"column":18}},"4":{"start":{"line":45,"column":17},"end":{"line":45,"column":58}},"5":{"start":{"line":46,"column":21},"end":{"line":46,"column":46}},"6":{"start":{"line":48,"column":4},"end":{"line":60,"column":6}}},"fnMap":{"0":{"name":"Itinerary","decl":{"start":{"line":6,"column":24},"end":{"line":6,"column":33}},"loc":{"start":{"line":6,"column":41},"end":{"line":13,"column":1}},"line":6},"1":{"name":"Header","decl":{"start":{"line":15,"column":9},"end":{"line":15,"column":15}},"loc":{"start":{"line":15,"column":23},"end":{"line":27,"column":1}},"line":15},"2":{"name":"Body","decl":{"start":{"line":29,"column":9},"end":{"line":29,"column":13}},"loc":{"start":{"line":29,"column":21},"end":{"line":42,"column":1}},"line":29},"3":{"name":"(anonymous_3)","decl":{"start":{"line":32,"column":30},"end":{"line":32,"column":31}},"loc":{"start":{"line":33,"column":16},"end":{"line":38,"column":18}},"line":33},"4":{"name":"TableRow","decl":{"start":{"line":44,"column":9},"end":{"line":44,"column":17}},"loc":{"start":{"line":44,"column":25},"end":{"line":61,"column":1}},"line":44}},"branchMap":{"0":{"loc":{"start":{"line":45,"column":17},"end":{"line":45,"column":58}},"type":"cond-expr","locations":[{"start":{"line":45,"column":36},"end":{"line":45,"column":52}},{"start":{"line":45,"column":55},"end":{"line":45,"column":58}}],"line":45}},"s":{"0":13,"1":13,"2":13,"3":6,"4":6,"5":6,"6":6},"f":{"0":13,"1":13,"2":13,"3":6,"4":6},"b":{"0":[6,0]},"_coverageSchema":"1a1c01bbd47fc00a2c39e90264f33305004495a9","hash":"142f0a22e59af507d0959748edb07aa2a61096bc"}
,"/home/skouma/team16/t16/client/src/components/Trip/Itinerary/actions.js": {"path":"/home/skouma/team16/t16/client/src/components/Trip/Itinerary/actions.js","statementMap":{"0":{"start":{"line":8,"column":4},"end":{"line":17,"column":6}},"1":{"start":{"line":10,"column":41},"end":{"line":10,"column":90}},"2":{"start":{"line":13,"column":41},"end":{"line":13,"column":71}},"3":{"start":{"line":21,"column":4},"end":{"line":27,"column":6}},"4":{"start":{"line":23,"column":41},"end":{"line":23,"column":86}},"5":{"start":{"line":31,"column":4},"end":{"line":42,"column":6}}},"fnMap":{"0":{"name":"ItineraryActionsDropdown","decl":{"start":{"line":7,"column":16},"end":{"line":7,"column":40}},"loc":{"start":{"line":7,"column":48},"end":{"line":18,"column":1}},"line":7},"1":{"name":"(anonymous_1)","decl":{"start":{"line":10,"column":35},"end":{"line":10,"column":36}},"loc":{"start":{"line":10,"column":41},"end":{"line":10,"column":90}},"line":10},"2":{"name":"(anonymous_2)","decl":{"start":{"line":13,"column":35},"end":{"line":13,"column":36}},"loc":{"start":{"line":13,"column":41},"end":{"line":13,"column":71}},"line":13},"3":{"name":"PlaceActionsDropdown","decl":{"start":{"line":20,"column":16},"end":{"line":20,"column":36}},"loc":{"start":{"line":20,"column":44},"end":{"line":28,"column":1}},"line":20},"4":{"name":"(anonymous_4)","decl":{"start":{"line":23,"column":35},"end":{"line":23,"column":36}},"loc":{"start":{"line":23,"column":41},"end":{"line":23,"column":86}},"line":23},"5":{"name":"ActionsDropdown","decl":{"start":{"line":30,"column":9},"end":{"line":30,"column":24}},"loc":{"start":{"line":30,"column":32},"end":{"line":43,"column":1}},"line":30}},"branchMap":{},"s":{"0":13,"1":0,"2":0,"3":6,"4":0,"5":19},"f":{"0":13,"1":0,"2":0,"3":6,"4":0,"5":19},"b":{},"_coverageSchema":"1a1c01bbd47fc00a2c39e90264f33305004495a9","hash":"8949ec7af9cab78a4c295919c56561046562f7c4"}
,"/home/skouma/team16/t16/client/src/components/Trip/Map/Map.js": {"path":"/home/skouma/team16/t16/client/src/components/Trip/Map/Map.js","statementMap":{"0":{"start":{"line":8,"column":19},"end":{"line":8,"column":43}},"1":{"start":{"line":9,"column":30},"end":{"line":9,"column":114}},"2":{"start":{"line":10,"column":22},"end":{"line":10,"column":74}},"3":{"start":{"line":11,"column":21},"end":{"line":11,"column":22}},"4":{"start":{"line":12,"column":21},"end":{"line":12,"column":23}},"5":{"start":{"line":16,"column":8},"end":{"line":16,"column":70}},"6":{"start":{"line":19,"column":4},"end":{"line":36,"column":6}},"7":{"start":{"line":40,"column":21},"end":{"line":40,"column":47}},"8":{"start":{"line":41,"column":4},"end":{"line":46,"column":6}},"9":{"start":{"line":42,"column":8},"end":{"line":45,"column":10}},"10":{"start":{"line":50,"column":4},"end":{"line":52,"column":5}},"11":{"start":{"line":51,"column":8},"end":{"line":51,"column":18}},"12":{"start":{"line":54,"column":27},"end":{"line":54,"column":29}},"13":{"start":{"line":55,"column":4},"end":{"line":59,"column":5}},"14":{"start":{"line":55,"column":17},"end":{"line":55,"column":18}},"15":{"start":{"line":56,"column":26},"end":{"line":56,"column":35}},"16":{"start":{"line":57,"column":24},"end":{"line":57,"column":53}},"17":{"start":{"line":58,"column":8},"end":{"line":58,"column":50}},"18":{"start":{"line":60,"column":4},"end":{"line":60,"column":26}},"19":{"start":{"line":64,"column":4},"end":{"line":66,"column":5}},"20":{"start":{"line":65,"column":8},"end":{"line":65,"column":20}},"21":{"start":{"line":67,"column":4},"end":{"line":67,"column":52}}},"fnMap":{"0":{"name":"Map","decl":{"start":{"line":14,"column":24},"end":{"line":14,"column":27}},"loc":{"start":{"line":14,"column":35},"end":{"line":37,"column":1}},"line":14},"1":{"name":"handleMapClick","decl":{"start":{"line":15,"column":13},"end":{"line":15,"column":27}},"loc":{"start":{"line":15,"column":42},"end":{"line":17,"column":5}},"line":15},"2":{"name":"TripLines","decl":{"start":{"line":39,"column":9},"end":{"line":39,"column":18}},"loc":{"start":{"line":39,"column":26},"end":{"line":47,"column":1}},"line":39},"3":{"name":"(anonymous_3)","decl":{"start":{"line":41,"column":24},"end":{"line":41,"column":25}},"loc":{"start":{"line":42,"column":8},"end":{"line":45,"column":10}},"line":42},"4":{"name":"computePaths","decl":{"start":{"line":49,"column":9},"end":{"line":49,"column":21}},"loc":{"start":{"line":49,"column":30},"end":{"line":61,"column":1}},"line":49},"5":{"name":"PlaceMarker","decl":{"start":{"line":63,"column":9},"end":{"line":63,"column":20}},"loc":{"start":{"line":63,"column":46},"end":{"line":68,"column":1}},"line":63}},"branchMap":{"0":{"loc":{"start":{"line":50,"column":4},"end":{"line":52,"column":5}},"type":"if","locations":[{"start":{"line":50,"column":4},"end":{"line":52,"column":5}},{"start":{"line":50,"column":4},"end":{"line":52,"column":5}}],"line":50},"1":{"loc":{"start":{"line":64,"column":4},"end":{"line":66,"column":5}},"type":"if","locations":[{"start":{"line":64,"column":4},"end":{"line":66,"column":5}},{"start":{"line":64,"column":4},"end":{"line":66,"column":5}}],"line":64}},"s":{"0":4,"1":4,"2":4,"3":4,"4":4,"5":1,"6":11,"7":11,"8":11,"9":2,"10":11,"11":10,"12":1,"13":1,"14":1,"15":2,"16":2,"17":2,"18":1,"19":11,"20":10,"21":1},"f":{"0":11,"1":1,"2":11,"3":2,"4":11,"5":11},"b":{"0":[10,1],"1":[10,1]},"_coverageSchema":"1a1c01bbd47fc00a2c39e90264f33305004495a9","hash":"d27db774cc71294ba35dcf790db66c45ff35349b"}
,"/home/skouma/team16/t16/client/src/components/Trip/Map/Marker.js": {"path":"/home/skouma/team16/t16/client/src/components/Trip/Map/Marker.js","statementMap":{"0":{"start":{"line":7,"column":20},"end":{"line":7,"column":90}},"1":{"start":{"line":11,"column":8},"end":{"line":13,"column":9}},"2":{"start":{"line":12,"column":12},"end":{"line":12,"column":43}},"3":{"start":{"line":16,"column":4},"end":{"line":18,"column":5}},"4":{"start":{"line":17,"column":8},"end":{"line":17,"column":20}},"5":{"start":{"line":20,"column":4},"end":{"line":28,"column":6}},"6":{"start":{"line":21,"column":37},"end":{"line":21,"column":57}}},"fnMap":{"0":{"name":"Marker","decl":{"start":{"line":9,"column":24},"end":{"line":9,"column":30}},"loc":{"start":{"line":9,"column":38},"end":{"line":29,"column":1}},"line":9},"1":{"name":"showMarkerPopup","decl":{"start":{"line":10,"column":13},"end":{"line":10,"column":28}},"loc":{"start":{"line":10,"column":34},"end":{"line":14,"column":5}},"line":10},"2":{"name":"(anonymous_2)","decl":{"start":{"line":21,"column":28},"end":{"line":21,"column":29}},"loc":{"start":{"line":21,"column":37},"end":{"line":21,"column":57}},"line":21}},"branchMap":{"0":{"loc":{"start":{"line":11,"column":8},"end":{"line":13,"column":9}},"type":"if","locations":[{"start":{"line":11,"column":8},"end":{"line":13,"column":9}},{"start":{"line":11,"column":8},"end":{"line":13,"column":9}}],"line":11},"1":{"loc":{"start":{"line":16,"column":4},"end":{"line":18,"column":5}},"type":"if","locations":[{"start":{"line":16,"column":4},"end":{"line":18,"column":5}},{"start":{"line":16,"column":4},"end":{"line":18,"column":5}}],"line":16}},"s":{"0":4,"1":0,"2":0,"3":1,"4":1,"5":0,"6":0},"f":{"0":1,"1":0,"2":0},"b":{"0":[0,0],"1":[1,0]},"_coverageSchema":"1a1c01bbd47fc00a2c39e90264f33305004495a9","hash":"6001ac37834e58e7910becf1ee0d066b581a701d"}
,"/home/skouma/team16/t16/client/src/hooks/usePlaces.js": {"path":"/home/skouma/team16/t16/client/src/hooks/usePlaces.js","statementMap":{"0":{"start":{"line":7,"column":32},"end":{"line":7,"column":44}},"1":{"start":{"line":8,"column":46},"end":{"line":8,"column":58}},"2":{"start":{"line":10,"column":20},"end":{"line":10,"column":74}},"3":{"start":{"line":12,"column":25},"end":{"line":17,"column":5}},"4":{"start":{"line":13,"column":33},"end":{"line":13,"column":55}},"5":{"start":{"line":14,"column":34},"end":{"line":14,"column":63}},"6":{"start":{"line":15,"column":25},"end":{"line":15,"column":43}},"7":{"start":{"line":16,"column":32},"end":{"line":16,"column":59}},"8":{"start":{"line":19,"column":4},"end":{"line":19,"column":49}},"9":{"start":{"line":23,"column":52},"end":{"line":23,"column":59}},"10":{"start":{"line":25,"column":22},"end":{"line":25,"column":33}},"11":{"start":{"line":27,"column":22},"end":{"line":27,"column":64}},"12":{"start":{"line":28,"column":4},"end":{"line":28,"column":30}},"13":{"start":{"line":30,"column":4},"end":{"line":30,"column":25}},"14":{"start":{"line":31,"column":4},"end":{"line":31,"column":43}},"15":{"start":{"line":35,"column":67},"end":{"line":35,"column":74}},"16":{"start":{"line":37,"column":4},"end":{"line":40,"column":5}},"17":{"start":{"line":38,"column":8},"end":{"line":38,"column":97}},"18":{"start":{"line":39,"column":8},"end":{"line":39,"column":15}},"19":{"start":{"line":41,"column":22},"end":{"line":41,"column":62}},"20":{"start":{"line":41,"column":50},"end":{"line":41,"column":61}},"21":{"start":{"line":42,"column":4},"end":{"line":42,"column":25}},"22":{"start":{"line":44,"column":4},"end":{"line":48,"column":5}},"23":{"start":{"line":45,"column":8},"end":{"line":45,"column":29}},"24":{"start":{"line":46,"column":11},"end":{"line":48,"column":5}},"25":{"start":{"line":47,"column":8},"end":{"line":47,"column":44}},"26":{"start":{"line":52,"column":44},"end":{"line":52,"column":51}},"27":{"start":{"line":54,"column":4},"end":{"line":54,"column":18}},"28":{"start":{"line":55,"column":4},"end":{"line":55,"column":25}},"29":{"start":{"line":59,"column":41},"end":{"line":59,"column":48}},"30":{"start":{"line":61,"column":4},"end":{"line":65,"column":5}},"31":{"start":{"line":62,"column":8},"end":{"line":62,"column":97}},"32":{"start":{"line":63,"column":8},"end":{"line":63,"column":29}},"33":{"start":{"line":64,"column":8},"end":{"line":64,"column":15}},"34":{"start":{"line":66,"column":4},"end":{"line":66,"column":28}}},"fnMap":{"0":{"name":"usePlaces","decl":{"start":{"line":6,"column":16},"end":{"line":6,"column":25}},"loc":{"start":{"line":6,"column":28},"end":{"line":20,"column":1}},"line":6},"1":{"name":"(anonymous_1)","decl":{"start":{"line":13,"column":16},"end":{"line":13,"column":17}},"loc":{"start":{"line":13,"column":33},"end":{"line":13,"column":55}},"line":13},"2":{"name":"(anonymous_2)","decl":{"start":{"line":14,"column":23},"end":{"line":14,"column":24}},"loc":{"start":{"line":14,"column":34},"end":{"line":14,"column":63}},"line":14},"3":{"name":"(anonymous_3)","decl":{"start":{"line":15,"column":19},"end":{"line":15,"column":20}},"loc":{"start":{"line":15,"column":25},"end":{"line":15,"column":43}},"line":15},"4":{"name":"(anonymous_4)","decl":{"start":{"line":16,"column":21},"end":{"line":16,"column":22}},"loc":{"start":{"line":16,"column":32},"end":{"line":16,"column":59}},"line":16},"5":{"name":"append","decl":{"start":{"line":22,"column":15},"end":{"line":22,"column":21}},"loc":{"start":{"line":22,"column":38},"end":{"line":32,"column":1}},"line":22},"6":{"name":"removeAtIndex","decl":{"start":{"line":34,"column":9},"end":{"line":34,"column":22}},"loc":{"start":{"line":34,"column":39},"end":{"line":49,"column":1}},"line":34},"7":{"name":"(anonymous_7)","decl":{"start":{"line":41,"column":36},"end":{"line":41,"column":37}},"loc":{"start":{"line":41,"column":50},"end":{"line":41,"column":61}},"line":41},"8":{"name":"removeAll","decl":{"start":{"line":51,"column":9},"end":{"line":51,"column":18}},"loc":{"start":{"line":51,"column":28},"end":{"line":56,"column":1}},"line":51},"9":{"name":"selectIndex","decl":{"start":{"line":58,"column":9},"end":{"line":58,"column":20}},"loc":{"start":{"line":58,"column":37},"end":{"line":67,"column":1}},"line":58}},"branchMap":{"0":{"loc":{"start":{"line":37,"column":4},"end":{"line":40,"column":5}},"type":"if","locations":[{"start":{"line":37,"column":4},"end":{"line":40,"column":5}},{"start":{"line":37,"column":4},"end":{"line":40,"column":5}}],"line":37},"1":{"loc":{"start":{"line":37,"column":8},"end":{"line":37,"column":43}},"type":"binary-expr","locations":[{"start":{"line":37,"column":8},"end":{"line":37,"column":17}},{"start":{"line":37,"column":21},"end":{"line":37,"column":43}}],"line":37},"2":{"loc":{"start":{"line":44,"column":4},"end":{"line":48,"column":5}},"type":"if","locations":[{"start":{"line":44,"column":4},"end":{"line":48,"column":5}},{"start":{"line":44,"column":4},"end":{"line":48,"column":5}}],"line":44},"3":{"loc":{"start":{"line":46,"column":11},"end":{"line":48,"column":5}},"type":"if","locations":[{"start":{"line":46,"column":11},"end":{"line":48,"column":5}},{"start":{"line":46,"column":11},"end":{"line":48,"column":5}}],"line":46},"4":{"loc":{"start":{"line":46,"column":15},"end":{"line":46,"column":60}},"type":"binary-expr","locations":[{"start":{"line":46,"column":15},"end":{"line":46,"column":37}},{"start":{"line":46,"column":41},"end":{"line":46,"column":60}}],"line":46},"5":{"loc":{"start":{"line":61,"column":4},"end":{"line":65,"column":5}},"type":"if","locations":[{"start":{"line":61,"column":4},"end":{"line":65,"column":5}},{"start":{"line":61,"column":4},"end":{"line":65,"column":5}}],"line":61},"6":{"loc":{"start":{"line":61,"column":8},"end":{"line":61,"column":44}},"type":"binary-expr","locations":[{"start":{"line":61,"column":8},"end":{"line":61,"column":18}},{"start":{"line":61,"column":22},"end":{"line":61,"column":44}}],"line":61}},"s":{"0":58,"1":58,"2":58,"3":58,"4":17,"5":4,"6":1,"7":3,"8":58,"9":17,"10":17,"11":17,"12":17,"13":17,"14":17,"15":4,"16":4,"17":1,"18":1,"19":3,"20":9,"21":3,"22":3,"23":1,"24":2,"25":1,"26":1,"27":1,"28":1,"29":3,"30":3,"31":1,"32":1,"33":1,"34":2},"f":{"0":58,"1":17,"2":4,"3":1,"4":3,"5":17,"6":4,"7":9,"8":1,"9":3},"b":{"0":[1,3],"1":[4,4],"2":[1,2],"3":[1,1],"4":[2,2],"5":[1,2],"6":[3,3]},"_coverageSchema":"1a1c01bbd47fc00a2c39e90264f33305004495a9","hash":"9095aef63005fab45854947eb758c922e9c5b1f7"}
,"/home/skouma/team16/t16/client/src/hooks/useServerInputValidation.js": {"path":"/home/skouma/team16/t16/client/src/hooks/useServerInputValidation.js","statementMap":{"0":{"start":{"line":5,"column":42},"end":{"line":5,"column":61}},"1":{"start":{"line":6,"column":42},"end":{"line":6,"column":57}},"2":{"start":{"line":7,"column":32},"end":{"line":7,"column":46}},"3":{"start":{"line":9,"column":21},"end":{"line":9,"column":29}},"4":{"start":{"line":10,"column":20},"end":{"line":10,"column":109}},"5":{"start":{"line":12,"column":30},"end":{"line":12,"column":80}},"6":{"start":{"line":12,"column":42},"end":{"line":12,"column":80}},"7":{"start":{"line":13,"column":23},"end":{"line":13,"column":70}},"8":{"start":{"line":13,"column":29},"end":{"line":13,"column":70}},"9":{"start":{"line":15,"column":4},"end":{"line":17,"column":11}},"10":{"start":{"line":16,"column":8},"end":{"line":16,"column":37}},"11":{"start":{"line":19,"column":4},"end":{"line":19,"column":77}},"12":{"start":{"line":23,"column":68},"end":{"line":23,"column":75}},"13":{"start":{"line":25,"column":4},"end":{"line":25,"column":27}},"14":{"start":{"line":26,"column":4},"end":{"line":26,"column":30}},"15":{"start":{"line":27,"column":4},"end":{"line":32,"column":5}},"16":{"start":{"line":28,"column":8},"end":{"line":28,"column":43}},"17":{"start":{"line":30,"column":8},"end":{"line":30,"column":24}},"18":{"start":{"line":31,"column":8},"end":{"line":31,"column":30}},"19":{"start":{"line":36,"column":52},"end":{"line":36,"column":59}},"20":{"start":{"line":38,"column":4},"end":{"line":38,"column":26}},"21":{"start":{"line":39,"column":24},"end":{"line":39,"column":49}},"22":{"start":{"line":40,"column":27},"end":{"line":40,"column":71}},"23":{"start":{"line":42,"column":4},"end":{"line":45,"column":5}},"24":{"start":{"line":43,"column":8},"end":{"line":43,"column":34}},"25":{"start":{"line":44,"column":8},"end":{"line":44,"column":29}},"26":{"start":{"line":49,"column":58},"end":{"line":49,"column":65}},"27":{"start":{"line":51,"column":4},"end":{"line":51,"column":30}},"28":{"start":{"line":52,"column":4},"end":{"line":52,"column":20}},"29":{"start":{"line":53,"column":4},"end":{"line":53,"column":25}},"30":{"start":{"line":54,"column":4},"end":{"line":54,"column":12}},"31":{"start":{"line":58,"column":21},"end":{"line":58,"column":36}},"32":{"start":{"line":59,"column":4},"end":{"line":59,"column":69}}},"fnMap":{"0":{"name":"useServerInputValidation","decl":{"start":{"line":4,"column":16},"end":{"line":4,"column":40}},"loc":{"start":{"line":4,"column":59},"end":{"line":20,"column":1}},"line":4},"1":{"name":"(anonymous_1)","decl":{"start":{"line":12,"column":30},"end":{"line":12,"column":31}},"loc":{"start":{"line":12,"column":42},"end":{"line":12,"column":80}},"line":12},"2":{"name":"(anonymous_2)","decl":{"start":{"line":13,"column":23},"end":{"line":13,"column":24}},"loc":{"start":{"line":13,"column":29},"end":{"line":13,"column":70}},"line":13},"3":{"name":"(anonymous_3)","decl":{"start":{"line":15,"column":14},"end":{"line":15,"column":15}},"loc":{"start":{"line":15,"column":20},"end":{"line":17,"column":5}},"line":15},"4":{"name":"updateServerInputImpl","decl":{"start":{"line":22,"column":9},"end":{"line":22,"column":30}},"loc":{"start":{"line":22,"column":48},"end":{"line":33,"column":1}},"line":22},"5":{"name":"sendConfigRequest","decl":{"start":{"line":35,"column":15},"end":{"line":35,"column":32}},"loc":{"start":{"line":35,"column":53},"end":{"line":46,"column":1}},"line":35},"6":{"name":"resetModalImpl","decl":{"start":{"line":48,"column":9},"end":{"line":48,"column":23}},"loc":{"start":{"line":48,"column":51},"end":{"line":55,"column":1}},"line":48},"7":{"name":"shouldAttemptConfigRequest","decl":{"start":{"line":57,"column":9},"end":{"line":57,"column":35}},"loc":{"start":{"line":57,"column":46},"end":{"line":60,"column":1}},"line":57}},"branchMap":{"0":{"loc":{"start":{"line":27,"column":4},"end":{"line":32,"column":5}},"type":"if","locations":[{"start":{"line":27,"column":4},"end":{"line":32,"column":5}},{"start":{"line":27,"column":4},"end":{"line":32,"column":5}}],"line":27},"1":{"loc":{"start":{"line":42,"column":4},"end":{"line":45,"column":5}},"type":"if","locations":[{"start":{"line":42,"column":4},"end":{"line":45,"column":5}},{"start":{"line":42,"column":4},"end":{"line":45,"column":5}}],"line":42},"2":{"loc":{"start":{"line":42,"column":8},"end":{"line":42,"column":56}},"type":"binary-expr","locations":[{"start":{"line":42,"column":8},"end":{"line":42,"column":22}},{"start":{"line":42,"column":26},"end":{"line":42,"column":56}}],"line":42},"3":{"loc":{"start":{"line":59,"column":11},"end":{"line":59,"column":68}},"type":"binary-expr","locations":[{"start":{"line":59,"column":11},"end":{"line":59,"column":44}},{"start":{"line":59,"column":48},"end":{"line":59,"column":68}}],"line":59}},"s":{"0":110,"1":110,"2":110,"3":110,"4":110,"5":110,"6":83,"7":110,"8":2,"9":110,"10":9,"11":110,"12":83,"13":83,"14":83,"15":83,"16":27,"17":56,"18":56,"19":27,"20":27,"21":27,"22":27,"23":27,"24":10,"25":10,"26":2,"27":2,"28":2,"29":2,"30":2,"31":83,"32":83},"f":{"0":110,"1":83,"2":2,"3":9,"4":83,"5":27,"6":2,"7":83},"b":{"0":[27,56],"1":[10,17],"2":[27,24],"3":[83,51]},"_coverageSchema":"1a1c01bbd47fc00a2c39e90264f33305004495a9","hash":"dcae906bb889ff73056e64cf0c53f287100d62d0"}
,"/home/skouma/team16/t16/client/src/hooks/useToggle.js": {"path":"/home/skouma/team16/t16/client/src/hooks/useToggle.js","statementMap":{"0":{"start":{"line":4,"column":34},"end":{"line":4,"column":52}},"1":{"start":{"line":7,"column":8},"end":{"line":7,"column":29}},"2":{"start":{"line":10,"column":4},"end":{"line":10,"column":29}}},"fnMap":{"0":{"name":"useToggle","decl":{"start":{"line":3,"column":16},"end":{"line":3,"column":25}},"loc":{"start":{"line":3,"column":36},"end":{"line":11,"column":1}},"line":3},"1":{"name":"toggle","decl":{"start":{"line":6,"column":13},"end":{"line":6,"column":19}},"loc":{"start":{"line":6,"column":22},"end":{"line":8,"column":5}},"line":6}},"branchMap":{},"s":{"0":20,"1":5,"2":20},"f":{"0":20,"1":5},"b":{},"_coverageSchema":"1a1c01bbd47fc00a2c39e90264f33305004495a9","hash":"f17bf719b800abd3b647f16a4f020581223efcc0"}
,"/home/skouma/team16/t16/client/src/utils/constants.js": {"path":"/home/skouma/team16/t16/client/src/utils/constants.js","statementMap":{"0":{"start":{"line":4,"column":22},"end":{"line":4,"column":44}},"1":{"start":{"line":5,"column":22},"end":{"line":5,"column":52}},"2":{"start":{"line":6,"column":4},"end":{"line":12,"column":5}},"3":{"start":{"line":7,"column":8},"end":{"line":11,"column":9}},"4":{"start":{"line":8,"column":12},"end":{"line":8,"column":35}},"5":{"start":{"line":10,"column":12},"end":{"line":10,"column":36}},"6":{"start":{"line":15,"column":0},"end":{"line":15,"column":23}},"7":{"start":{"line":17,"column":19},"end":{"line":17,"column":30}},"8":{"start":{"line":19,"column":32},"end":{"line":19,"column":47}},"9":{"start":{"line":21,"column":42},"end":{"line":21,"column":59}},"10":{"start":{"line":23,"column":38},"end":{"line":23,"column":81}}},"fnMap":{"0":{"name":"setLogLevelIfDefault","decl":{"start":{"line":3,"column":16},"end":{"line":3,"column":36}},"loc":{"start":{"line":3,"column":39},"end":{"line":13,"column":1}},"line":3}},"branchMap":{"0":{"loc":{"start":{"line":6,"column":4},"end":{"line":12,"column":5}},"type":"if","locations":[{"start":{"line":6,"column":4},"end":{"line":12,"column":5}},{"start":{"line":6,"column":4},"end":{"line":12,"column":5}}],"line":6},"1":{"loc":{"start":{"line":7,"column":8},"end":{"line":11,"column":9}},"type":"if","locations":[{"start":{"line":7,"column":8},"end":{"line":11,"column":9}},{"start":{"line":7,"column":8},"end":{"line":11,"column":9}}],"line":7}},"s":{"0":12,"1":12,"2":12,"3":12,"4":1,"5":11,"6":10,"7":10,"8":10,"9":10,"10":10},"f":{"0":12},"b":{"0":[12,0],"1":[1,11]},"_coverageSchema":"1a1c01bbd47fc00a2c39e90264f33305004495a9","hash":"a9bef610b6bb998c02e0873f96deeddc4353677b"}
,"/home/skouma/team16/t16/client/src/utils/restfulAPI.js": {"path":"/home/skouma/team16/t16/client/src/utils/restfulAPI.js","statementMap":{"0":{"start":{"line":5,"column":16},"end":{"line":7,"column":1}},"1":{"start":{"line":10,"column":21},"end":{"line":10,"column":62}},"2":{"start":{"line":12,"column":4},"end":{"line":14,"column":5}},"3":{"start":{"line":13,"column":8},"end":{"line":13,"column":140}},"4":{"start":{"line":15,"column":4},"end":{"line":17,"column":5}},"5":{"start":{"line":16,"column":8},"end":{"line":16,"column":24}},"6":{"start":{"line":18,"column":4},"end":{"line":18,"column":95}},"7":{"start":{"line":19,"column":4},"end":{"line":19,"column":16}},"8":{"start":{"line":23,"column":25},"end":{"line":26,"column":5}},"9":{"start":{"line":28,"column":4},"end":{"line":38,"column":5}},"10":{"start":{"line":29,"column":25},"end":{"line":29,"column":97}},"11":{"start":{"line":30,"column":8},"end":{"line":34,"column":9}},"12":{"start":{"line":31,"column":12},"end":{"line":31,"column":35}},"13":{"start":{"line":33,"column":12},"end":{"line":33,"column":107}},"14":{"start":{"line":37,"column":8},"end":{"line":37,"column":55}},"15":{"start":{"line":40,"column":4},"end":{"line":40,"column":16}},"16":{"start":{"line":44,"column":27},"end":{"line":44,"column":44}},"17":{"start":{"line":45,"column":23},"end":{"line":45,"column":40}},"18":{"start":{"line":46,"column":23},"end":{"line":46,"column":36}},"19":{"start":{"line":47,"column":26},"end":{"line":47,"column":49}},"20":{"start":{"line":48,"column":4},"end":{"line":48,"column":97}},"21":{"start":{"line":52,"column":4},"end":{"line":56,"column":5}},"22":{"start":{"line":53,"column":37},"end":{"line":53,"column":46}},"23":{"start":{"line":54,"column":25},"end":{"line":54,"column":61}},"24":{"start":{"line":55,"column":8},"end":{"line":55,"column":32}},"25":{"start":{"line":57,"column":4},"end":{"line":57,"column":91}},"26":{"start":{"line":58,"column":4},"end":{"line":58,"column":17}}},"fnMap":{"0":{"name":"sendAPIRequest","decl":{"start":{"line":9,"column":22},"end":{"line":9,"column":36}},"loc":{"start":{"line":9,"column":61},"end":{"line":20,"column":1}},"line":9},"1":{"name":"sendRequest","decl":{"start":{"line":22,"column":15},"end":{"line":22,"column":26}},"loc":{"start":{"line":22,"column":51},"end":{"line":41,"column":1}},"line":22},"2":{"name":"getOriginalServerUrl","decl":{"start":{"line":43,"column":16},"end":{"line":43,"column":36}},"loc":{"start":{"line":43,"column":39},"end":{"line":49,"column":1}},"line":43},"3":{"name":"isJsonResponseValid","decl":{"start":{"line":51,"column":16},"end":{"line":51,"column":35}},"loc":{"start":{"line":51,"column":52},"end":{"line":59,"column":1}},"line":51}},"branchMap":{"0":{"loc":{"start":{"line":12,"column":4},"end":{"line":14,"column":5}},"type":"if","locations":[{"start":{"line":12,"column":4},"end":{"line":14,"column":5}},{"start":{"line":12,"column":4},"end":{"line":14,"column":5}}],"line":12},"1":{"loc":{"start":{"line":15,"column":4},"end":{"line":17,"column":5}},"type":"if","locations":[{"start":{"line":15,"column":4},"end":{"line":17,"column":5}},{"start":{"line":15,"column":4},"end":{"line":17,"column":5}}],"line":15},"2":{"loc":{"start":{"line":30,"column":8},"end":{"line":34,"column":9}},"type":"if","locations":[{"start":{"line":30,"column":8},"end":{"line":34,"column":9}},{"start":{"line":30,"column":8},"end":{"line":34,"column":9}}],"line":30},"3":{"loc":{"start":{"line":48,"column":50},"end":{"line":48,"column":93}},"type":"cond-expr","locations":[{"start":{"line":48,"column":67},"end":{"line":48,"column":77}},{"start":{"line":48,"column":80},"end":{"line":48,"column":93}}],"line":48},"4":{"loc":{"start":{"line":52,"column":4},"end":{"line":56,"column":5}},"type":"if","locations":[{"start":{"line":52,"column":4},"end":{"line":56,"column":5}},{"start":{"line":52,"column":4},"end":{"line":56,"column":5}}],"line":52},"5":{"loc":{"start":{"line":52,"column":8},"end":{"line":52,"column":24}},"type":"binary-expr","locations":[{"start":{"line":52,"column":8},"end":{"line":52,"column":14}},{"start":{"line":52,"column":18},"end":{"line":52,"column":24}}],"line":52}},"s":{"0":5,"1":35,"2":35,"3":1,"4":34,"5":27,"6":7,"7":7,"8":35,"9":35,"10":35,"11":31,"12":30,"13":1,"14":4,"15":5,"16":9,"17":9,"18":9,"19":9,"20":9,"21":34,"22":29,"23":29,"24":29,"25":5,"26":5},"f":{"0":35,"1":35,"2":9,"3":34},"b":{"0":[1,34],"1":[27,7],"2":[30,1],"3":[8,1],"4":[29,5],"5":[34,29]},"_coverageSchema":"1a1c01bbd47fc00a2c39e90264f33305004495a9","hash":"b5118c365ff1119c18e478aba19f77cbb927376f"}
,"/home/skouma/team16/t16/client/src/utils/reverseGeocode.js": {"path":"/home/skouma/team16/t16/client/src/utils/reverseGeocode.js","statementMap":{"0":{"start":{"line":1,"column":20},"end":{"line":1,"column":79}},"1":{"start":{"line":5,"column":20},"end":{"line":5,"column":72}},"2":{"start":{"line":6,"column":17},"end":{"line":6,"column":37}},"3":{"start":{"line":7,"column":21},"end":{"line":7,"column":38}},"4":{"start":{"line":9,"column":4},"end":{"line":11,"column":5}},"5":{"start":{"line":10,"column":8},"end":{"line":10,"column":56}},"6":{"start":{"line":12,"column":4},"end":{"line":12,"column":40}}},"fnMap":{"0":{"name":"reverseGeocode","decl":{"start":{"line":3,"column":15},"end":{"line":3,"column":29}},"loc":{"start":{"line":3,"column":38},"end":{"line":13,"column":1}},"line":3}},"branchMap":{"0":{"loc":{"start":{"line":9,"column":4},"end":{"line":11,"column":5}},"type":"if","locations":[{"start":{"line":9,"column":4},"end":{"line":11,"column":5}},{"start":{"line":9,"column":4},"end":{"line":11,"column":5}}],"line":9}},"s":{"0":4,"1":17,"2":17,"3":17,"4":17,"5":17,"6":0},"f":{"0":17},"b":{"0":[17,0]},"_coverageSchema":"1a1c01bbd47fc00a2c39e90264f33305004495a9","hash":"873def33c134cb3cde5b1edf3b0ac12f2f6110fa"}
,"/home/skouma/team16/t16/client/src/utils/transformers.js": {"path":"/home/skouma/team16/t16/client/src/utils/transformers.js","statementMap":{"0":{"start":{"line":2,"column":4},"end":{"line":2,"column":94}},"1":{"start":{"line":6,"column":4},"end":{"line":6,"column":97}},"2":{"start":{"line":10,"column":4},"end":{"line":10,"column":99}}},"fnMap":{"0":{"name":"latLngToText","decl":{"start":{"line":1,"column":16},"end":{"line":1,"column":28}},"loc":{"start":{"line":1,"column":52},"end":{"line":3,"column":1}},"line":1},"1":{"name":"placeToLatLng","decl":{"start":{"line":5,"column":16},"end":{"line":5,"column":29}},"loc":{"start":{"line":5,"column":37},"end":{"line":7,"column":1}},"line":5},"2":{"name":"latLngToPlace","decl":{"start":{"line":9,"column":16},"end":{"line":9,"column":29}},"loc":{"start":{"line":9,"column":38},"end":{"line":11,"column":1}},"line":9}},"branchMap":{"0":{"loc":{"start":{"line":1,"column":37},"end":{"line":1,"column":50}},"type":"default-arg","locations":[{"start":{"line":1,"column":49},"end":{"line":1,"column":50}}],"line":1},"1":{"loc":{"start":{"line":2,"column":11},"end":{"line":2,"column":93}},"type":"cond-expr","locations":[{"start":{"line":2,"column":20},"end":{"line":2,"column":88}},{"start":{"line":2,"column":91},"end":{"line":2,"column":93}}],"line":2},"2":{"loc":{"start":{"line":6,"column":11},"end":{"line":6,"column":96}},"type":"cond-expr","locations":[{"start":{"line":6,"column":19},"end":{"line":6,"column":88}},{"start":{"line":6,"column":91},"end":{"line":6,"column":96}}],"line":6},"3":{"loc":{"start":{"line":10,"column":11},"end":{"line":10,"column":98}},"type":"cond-expr","locations":[{"start":{"line":10,"column":20},"end":{"line":10,"column":89}},{"start":{"line":10,"column":92},"end":{"line":10,"column":98}}],"line":10}},"s":{"0":12,"1":31,"2":4},"f":{"0":12,"1":31,"2":4},"b":{"0":[9],"1":[10,2],"2":[29,2],"3":[2,2]},"_coverageSchema":"1a1c01bbd47fc00a2c39e90264f33305004495a9","hash":"df505d5a567aeee26ffeba6a6bf6e7654504075a"}
}
