TN:
SF:src/entry.js
FNF:0
FNH:0
DA:6,0
LF:1
LH:0
BRF:0
BRH:0
end_of_record
TN:
SF:src/components/App.js
FN:5,App
FN:13,(anonymous_1)
FN:16,showMessage
FNF:3
FNH:3
FNDA:1,App
FNDA:1,(anonymous_1)
FNDA:1,showMessage
DA:6,1
DA:13,1
DA:14,1
DA:17,1
DA:20,1
LF:5
LH:5
BRDA:16,0,0,0
BRF:1
BRH:0
end_of_record
TN:
SF:src/components/Page.js
FN:11,Page
FN:34,useServerSettings
FN:38,(anonymous_2)
FN:42,processServerConfigSuccess
FN:48,sendConfigRequest
FNF:5
FNH:5
FNDA:8,Page
FNDA:8,useServerSettings
FNDA:3,(anonymous_2)
FNDA:2,processServerConfigSuccess
FNDA:3,sendConfigRequest
DA:12,8
DA:13,8
DA:15,8
DA:35,8
DA:36,8
DA:38,8
DA:39,3
DA:43,2
DA:44,2
DA:45,2
DA:49,3
DA:50,3
DA:51,2
DA:53,1
DA:54,1
DA:58,8
LF:16
LH:16
BRDA:50,0,0,2
BRDA:50,0,1,1
BRF:2
BRH:2
end_of_record
TN:
SF:src/components/About/About.js
FN:8,About
FN:25,(anonymous_1)
FNF:2
FNH:2
FNDA:8,About
FNDA:40,(anonymous_1)
DA:9,8
DA:26,40
LF:2
LH:2
BRF:0
BRH:0
end_of_record
TN:
SF:src/components/About/AboutCard.js
FN:4,AboutCard
FNF:1
FNH:1
FNDA:48,AboutCard
DA:5,48
DA:9,48
LF:2
LH:2
BRDA:5,0,0,8
BRDA:5,0,1,40
BRF:2
BRH:2
end_of_record
TN:
SF:src/components/About/Person.js
FN:4,Person
FNF:1
FNH:1
FNDA:40,Person
DA:5,40
LF:1
LH:1
BRF:0
BRH:0
end_of_record
TN:
SF:src/components/About/Team.js
FN:4,Team
FNF:1
FNH:1
FNDA:8,Team
DA:5,8
LF:1
LH:1
BRF:0
BRH:0
end_of_record
TN:
SF:src/components/About/teamInfo.js
FNF:0
FNH:0
DA:5,2
DA:12,2
LF:2
LH:2
BRF:0
BRH:0
end_of_record
TN:
SF:src/components/Margins/Footer.js
FN:10,Footer
FN:20,ServerInformation
FN:21,connectedToValidServer
FNF:3
FNH:3
FNDA:12,Footer
FNDA:12,ServerInformation
FNDA:24,connectedToValidServer
DA:6,3
DA:7,3
DA:8,3
DA:11,12
DA:13,12
DA:22,24
DA:23,24
DA:25,12
DA:26,12
DA:28,12
LF:10
LH:10
BRDA:23,0,0,24
BRDA:23,0,1,16
BRDA:25,1,0,8
BRDA:25,1,1,4
BRDA:26,2,0,8
BRDA:26,2,1,4
BRF:6
BRH:6
end_of_record
TN:
SF:src/components/Margins/Header.js
FN:8,Header
FNF:1
FNH:1
FNDA:6,Header
DA:6,2
DA:9,6
LF:2
LH:2
BRF:0
BRH:0
end_of_record
TN:
SF:src/components/Margins/ServerSettings.js
FN:5,ServerSettings
FN:30,getCurrentServerName
FN:40,Header
FN:48,Body
FN:53,(anonymous_4)
FN:68,SettingsRow
FN:81,Footer
FN:85,(anonymous_7)
FNF:8
FNH:8
FNDA:110,ServerSettings
FNDA:110,getCurrentServerName
FNDA:105,Header
FNDA:105,Body
FNDA:74,(anonymous_4)
FNDA:210,SettingsRow
FNDA:105,Footer
FNDA:1,(anonymous_7)
DA:7,110
DA:9,110
DA:31,110
DA:32,22
DA:34,88
DA:35,6
DA:37,82
DA:41,105
DA:50,105
DA:53,74
DA:58,105
DA:69,210
DA:82,105
DA:86,1
DA:87,1
LF:15
LH:15
BRDA:31,0,0,22
BRDA:31,0,1,88
BRDA:34,1,0,6
BRDA:34,1,1,82
BRF:4
BRH:4
end_of_record
TN:
SF:src/components/Trip/Planner.js
FN:7,Planner
FN:22,Section
FNF:2
FNH:2
FNDA:10,Planner
FNDA:20,Section
DA:8,10
DA:10,10
DA:23,20
LF:3
LH:3
BRF:0
BRH:0
end_of_record
TN:
SF:src/components/Trip/Itinerary/Itinerary.js
FN:6,Itinerary
FN:15,Header
FN:29,Body
FN:32,(anonymous_3)
FN:44,TableRow
FNF:5
FNH:5
FNDA:13,Itinerary
FNDA:13,Header
FNDA:13,Body
FNDA:6,(anonymous_3)
FNDA:6,TableRow
DA:7,13
DA:16,13
DA:30,13
DA:33,6
DA:45,6
DA:46,6
DA:48,6
LF:7
LH:7
BRDA:45,0,0,6
BRDA:45,0,1,0
BRF:2
BRH:1
end_of_record
TN:
SF:src/components/Trip/Itinerary/actions.js
FN:7,ItineraryActionsDropdown
FN:10,(anonymous_1)
FN:13,(anonymous_2)
FN:20,PlaceActionsDropdown
FN:23,(anonymous_4)
FN:30,ActionsDropdown
FNF:6
FNH:3
FNDA:13,ItineraryActionsDropdown
FNDA:0,(anonymous_1)
FNDA:0,(anonymous_2)
FNDA:6,PlaceActionsDropdown
FNDA:0,(anonymous_4)
FNDA:19,ActionsDropdown
DA:8,13
DA:10,0
DA:13,0
DA:21,6
DA:23,0
DA:31,19
LF:6
LH:3
BRF:0
BRH:0
end_of_record
TN:
SF:src/components/Trip/Map/Map.js
FN:14,Map
FN:15,handleMapClick
FN:39,TripLines
FN:41,(anonymous_3)
FN:49,computePaths
FN:63,PlaceMarker
FNF:6
FNH:6
FNDA:11,Map
FNDA:1,handleMapClick
FNDA:11,TripLines
FNDA:2,(anonymous_3)
FNDA:11,computePaths
FNDA:11,PlaceMarker
DA:8,4
DA:9,4
DA:10,4
DA:11,4
DA:12,4
DA:16,1
DA:19,11
DA:40,11
DA:41,11
DA:42,2
DA:50,11
DA:51,10
DA:54,1
DA:55,1
DA:56,2
DA:57,2
DA:58,2
DA:60,1
DA:64,11
DA:65,10
DA:67,1
LF:21
LH:21
BRDA:50,0,0,10
BRDA:50,0,1,1
BRDA:64,1,0,10
BRDA:64,1,1,1
BRF:4
BRH:4
end_of_record
TN:
SF:src/components/Trip/Map/Marker.js
FN:9,Marker
FN:10,showMarkerPopup
FN:21,(anonymous_2)
FNF:3
FNH:1
FNDA:1,Marker
FNDA:0,showMarkerPopup
FNDA:0,(anonymous_2)
DA:7,4
DA:11,0
DA:12,0
DA:16,1
DA:17,1
DA:20,0
DA:21,0
LF:7
LH:3
BRDA:11,0,0,0
BRDA:11,0,1,0
BRDA:16,1,0,1
BRDA:16,1,1,0
BRF:4
BRH:1
end_of_record
TN:
SF:src/hooks/usePlaces.js
FN:6,usePlaces
FN:13,(anonymous_1)
FN:14,(anonymous_2)
FN:15,(anonymous_3)
FN:16,(anonymous_4)
FN:22,append
FN:34,removeAtIndex
FN:41,(anonymous_7)
FN:51,removeAll
FN:58,selectIndex
FNF:10
FNH:10
FNDA:58,usePlaces
FNDA:17,(anonymous_1)
FNDA:4,(anonymous_2)
FNDA:1,(anonymous_3)
FNDA:3,(anonymous_4)
FNDA:17,append
FNDA:4,removeAtIndex
FNDA:9,(anonymous_7)
FNDA:1,removeAll
FNDA:3,selectIndex
DA:7,58
DA:8,58
DA:10,58
DA:12,58
DA:13,17
DA:14,4
DA:15,1
DA:16,3
DA:19,58
DA:23,17
DA:25,17
DA:27,17
DA:28,17
DA:30,17
DA:31,17
DA:35,4
DA:37,4
DA:38,1
DA:39,1
DA:41,9
DA:42,3
DA:44,3
DA:45,1
DA:46,2
DA:47,1
DA:52,1
DA:54,1
DA:55,1
DA:59,3
DA:61,3
DA:62,1
DA:63,1
DA:64,1
DA:66,2
LF:34
LH:34
BRDA:37,0,0,1
BRDA:37,0,1,3
BRDA:37,1,0,4
BRDA:37,1,1,4
BRDA:44,2,0,1
BRDA:44,2,1,2
BRDA:46,3,0,1
BRDA:46,3,1,1
BRDA:46,4,0,2
BRDA:46,4,1,2
BRDA:61,5,0,1
BRDA:61,5,1,2
BRDA:61,6,0,3
BRDA:61,6,1,3
BRF:14
BRH:14
end_of_record
TN:
SF:src/hooks/useServerInputValidation.js
FN:4,useServerInputValidation
FN:12,(anonymous_1)
FN:13,(anonymous_2)
FN:15,(anonymous_3)
FN:22,updateServerInputImpl
FN:35,sendConfigRequest
FN:48,resetModalImpl
FN:57,shouldAttemptConfigRequest
FNF:8
FNH:8
FNDA:110,useServerInputValidation
FNDA:83,(anonymous_1)
FNDA:2,(anonymous_2)
FNDA:9,(anonymous_3)
FNDA:83,updateServerInputImpl
FNDA:27,sendConfigRequest
FNDA:2,resetModalImpl
FNDA:83,shouldAttemptConfigRequest
DA:5,110
DA:6,110
DA:7,110
DA:9,110
DA:10,110
DA:12,110
DA:13,110
DA:15,110
DA:16,9
DA:19,110
DA:23,83
DA:25,83
DA:26,83
DA:27,83
DA:28,27
DA:30,56
DA:31,56
DA:36,27
DA:38,27
DA:39,27
DA:40,27
DA:42,27
DA:43,10
DA:44,10
DA:49,2
DA:51,2
DA:52,2
DA:53,2
DA:54,2
DA:58,83
DA:59,83
LF:31
LH:31
BRDA:27,0,0,27
BRDA:27,0,1,56
BRDA:42,1,0,10
BRDA:42,1,1,17
BRDA:42,2,0,27
BRDA:42,2,1,24
BRDA:59,3,0,83
BRDA:59,3,1,51
BRF:8
BRH:8
end_of_record
TN:
SF:src/hooks/useToggle.js
FN:3,useToggle
FN:6,toggle
FNF:2
FNH:2
FNDA:20,useToggle
FNDA:5,toggle
DA:4,20
DA:7,5
DA:10,20
LF:3
LH:3
BRF:0
BRH:0
end_of_record
TN:
SF:src/utils/constants.js
FN:3,setLogLevelIfDefault
FNF:1
FNH:1
FNDA:12,setLogLevelIfDefault
DA:4,12
DA:5,12
DA:6,12
DA:7,12
DA:8,1
DA:10,11
DA:15,10
DA:17,10
DA:19,10
DA:21,10
DA:23,10
LF:11
LH:11
BRDA:6,0,0,12
BRDA:6,0,1,0
BRDA:7,1,0,1
BRDA:7,1,1,11
BRF:4
BRH:3
end_of_record
TN:
SF:src/utils/restfulAPI.js
FN:9,sendAPIRequest
FN:22,sendRequest
FN:43,getOriginalServerUrl
FN:51,isJsonResponseValid
FNF:4
FNH:4
FNDA:35,sendAPIRequest
FNDA:35,sendRequest
FNDA:9,getOriginalServerUrl
FNDA:34,isJsonResponseValid
DA:5,5
DA:10,35
DA:12,35
DA:13,1
DA:15,34
DA:16,27
DA:18,7
DA:19,7
DA:23,35
DA:28,35
DA:29,35
DA:30,31
DA:31,30
DA:33,1
DA:37,4
DA:40,5
DA:44,9
DA:45,9
DA:46,9
DA:47,9
DA:48,9
DA:52,34
DA:53,29
DA:54,29
DA:55,29
DA:57,5
DA:58,5
LF:27
LH:27
BRDA:12,0,0,1
BRDA:12,0,1,34
BRDA:15,1,0,27
BRDA:15,1,1,7
BRDA:30,2,0,30
BRDA:30,2,1,1
BRDA:48,3,0,8
BRDA:48,3,1,1
BRDA:52,4,0,29
BRDA:52,4,1,5
BRDA:52,5,0,34
BRDA:52,5,1,29
BRF:12
BRH:12
end_of_record
TN:
SF:src/utils/reverseGeocode.js
FN:3,reverseGeocode
FNF:1
FNH:1
FNDA:17,reverseGeocode
DA:1,4
DA:5,17
DA:6,17
DA:7,17
DA:9,17
DA:10,17
DA:12,0
LF:7
LH:6
BRDA:9,0,0,17
BRDA:9,0,1,0
BRF:2
BRH:1
end_of_record
TN:
SF:src/utils/transformers.js
FN:1,latLngToText
FN:5,placeToLatLng
FN:9,latLngToPlace
FNF:3
FNH:3
FNDA:12,latLngToText
FNDA:31,placeToLatLng
FNDA:4,latLngToPlace
DA:2,12
DA:6,31
DA:10,4
LF:3
LH:3
BRDA:1,0,0,9
BRDA:2,1,0,10
BRDA:2,1,1,2
BRDA:6,2,0,29
BRDA:6,2,1,2
BRDA:10,3,0,2
BRDA:10,3,1,2
BRF:7
BRH:7
end_of_record
