<?xml version="1.0" encoding="UTF-8"?>
<testsuite xmlns:xsi="http://www.w3.org/2001/XMLSchema-instance" xsi:noNamespaceSchemaLocation="https://maven.apache.org/surefire/maven-surefire-plugin/xsd/surefire-test-report.xsd" name="com.tco.server.TestWebApplication" time="0.09" tests="7" errors="0" skipped="0" failures="0">
  <properties>
[...]
</properties>
  <testcase name="testGetServerPortSpecifiedNotInteger" classname="com.tco.server.TestWebApplication" time="0.064"/>
  <testcase name="testGetServerPortSpecifiedOutofRange" classname="com.tco.server.TestWebApplication" time="0.003"/>
  <testcase name="testPortIsValidLow" classname="com.tco.server.TestWebApplication" time="0.002"/>
  <testcase name="testGetServerPortSpecifiedValid" classname="com.tco.server.TestWebApplication" time="0.002"/>
  <testcase name="testPortIsValid" classname="com.tco.server.TestWebApplication" time="0.002"/>
  <testcase name="testGetServerPortDefault" classname="com.tco.server.TestWebApplication" time="0.001"/>
  <testcase name="testPortIsValidHigh" classname="com.tco.server.TestWebApplication" time="0.002"/>
</testsuite>